<?xml version="1.0" encoding="UTF-8"?>
<!-- Generated by org.testng.reporters.JUnitReportReporter -->
<testsuite hostname="UTIPPANAMBP18.local" failures="0" tests="1" name="pageTests.LoginPageTest" time="11.785" errors="0" timestamp="2023-05-22T13:07:56 IST" skipped="0">
  <testcase classname="pageTests.LoginPageTest" name="verifyLoginPageTest" time="11.785"/>
  <system-out/>
</testsuite> <!-- pageTests.LoginPageTest -->
