<?xml version="1.0" encoding="UTF-8"?>
<!-- Generated by org.testng.reporters.JUnitReportReporter -->
<testsuite hostname="UTIPPANAMBP18.local" failures="0" tests="1" name="pageTests.LoginPageTest" time="3.622" errors="0" timestamp="2023-07-21T16:13:36 IST" skipped="0">
  <testcase classname="pageTests.LoginPageTest" name="verifyLoginPageTest" time="3.622"/>
  <system-out/>
</testsuite> <!-- pageTests.LoginPageTest -->
