<?xml version="1.0" encoding="UTF-8"?>
<!-- Generated by org.testng.reporters.JUnitReportReporter -->
<testsuite hostname="Udayas-MacBook-Air.local" failures="0" tests="3" name="pageTests.ProductsPageTest" time="41.704" errors="0" timestamp="2023-05-28T16:57:44 IST" skipped="0">
  <testcase classname="pageTests.ProductsPageTest" name="verifyProductIsPresent" time="13.969"/>
  <system-out/>
  <testcase classname="pageTests.ProductsPageTest" name="verifyProductsPageTitle" time="13.825"/>
  <system-out/>
  <testcase classname="pageTests.ProductsPageTest" name="addProductToCart" time="13.910"/>
  <system-out/>
</testsuite> <!-- pageTests.ProductsPageTest -->
