<?xml version="1.0" encoding="UTF-8"?>
<!-- Generated by org.testng.reporters.JUnitReportReporter -->
<<<<<<< HEAD
<testsuite hostname="Udayas-MacBook-Air.local" failures="0" tests="1" name="pageTests.LoginPageTest" time="13.333" errors="0" timestamp="2023-05-28T16:57:44 IST" skipped="0">
  <testcase classname="pageTests.LoginPageTest" name="verifyLoginPageTest" time="13.333"/>
=======
<testsuite hostname="UTIPPANAMBP18.local" failures="0" tests="1" name="pageTests.LoginPageTest" time="11.785" errors="0" timestamp="2023-05-22T13:07:56 IST" skipped="0">
  <testcase classname="pageTests.LoginPageTest" name="verifyLoginPageTest" time="11.785"/>
>>>>>>> f5175878247a5f893a0168f1ba8f5f385cd2c0cd
  <system-out/>
</testsuite> <!-- pageTests.LoginPageTest -->
