<?xml version="1.0" encoding="UTF-8"?>
<!-- Generated by org.testng.reporters.JUnitReportReporter -->
<testsuite hostname="UTIPPANAMBP18.local" failures="0" tests="3" name="pageTests.ProductsPageTest" time="22.242" errors="0" timestamp="2023-07-19T23:00:52 IST" skipped="0">
  <testcase classname="pageTests.ProductsPageTest" name="verifyProductsPageTitle" time="8.739"/>
  <system-out/>
  <testcase classname="pageTests.ProductsPageTest" name="verifyProductIsPresent" time="4.402"/>
  <system-out/>
  <testcase classname="pageTests.ProductsPageTest" name="addProductToCart" time="9.101"/>
  <system-out/>
</testsuite> <!-- pageTests.ProductsPageTest -->
