<?xml version="1.0" encoding="UTF-8"?>
<!-- Generated by org.testng.reporters.JUnitReportReporter -->
<testsuite hostname="UTIPPANAMBP18.local" failures="0" tests="3" name="pageTests.ProductsPageTest" time="21.559" errors="0" timestamp="2023-07-21T16:13:36 IST" skipped="0">
  <testcase classname="pageTests.ProductsPageTest" name="addProductToCart" time="8.944"/>
  <system-out/>
  <testcase classname="pageTests.ProductsPageTest" name="verifyProductsPageTitle" time="8.650"/>
  <system-out/>
  <testcase classname="pageTests.ProductsPageTest" name="verifyProductIsPresent" time="3.965"/>
  <system-out/>
</testsuite> <!-- pageTests.ProductsPageTest -->
