<?xml version="1.0" encoding="UTF-8"?>
<!-- Generated by org.testng.reporters.JUnitReportReporter -->
<testsuite hostname="UTIPPANAMBP18.local" failures="0" tests="3" name="pageTests.YourCartPageTest" time="11.479" errors="0" timestamp="2023-05-22T14:55:21 IST" skipped="2">
  <testcase classname="pageTests.YourCartPageTest" name="verify_Product_In_Cart" time="11.479"/>
  <system-out/>
  <testcase classname="pageTests.YourCartPageTest" name="verify_removeProduct_From_CartPage">
    <skipped/>
  </testcase> <!-- verify_removeProduct_From_CartPage -->
  <system-out/>
  <testcase classname="pageTests.YourCartPageTest" name="verifyTitle_YourCartPage">
    <skipped/>
  </testcase> <!-- verifyTitle_YourCartPage -->
  <system-out/>
</testsuite> <!-- pageTests.YourCartPageTest -->
