<?xml version="1.0" encoding="UTF-8"?>
<!-- Generated by org.testng.reporters.JUnitReportReporter -->
<testsuite hostname="UTIPPANAMBP18.local" failures="0" tests="3" name="pageTests.ProductsPageTest" time="30.402" errors="0" timestamp="2023-05-22T13:07:56 IST" skipped="0">
  <testcase classname="pageTests.ProductsPageTest" name="verifyProductIsPresent" time="4.225"/>
  <system-out/>
  <testcase classname="pageTests.ProductsPageTest" name="verifyProductsPageTitle" time="16.859"/>
  <system-out/>
  <testcase classname="pageTests.ProductsPageTest" name="addProductToCart" time="9.318"/>
  <system-out/>
</testsuite> <!-- pageTests.ProductsPageTest -->
