<?xml version="1.0" encoding="UTF-8"?>
<!-- Generated by org.testng.reporters.JUnitReportReporter -->
<testsuite hostname="UTIPPANAMBP18.local" failures="0" tests="1" name="pageTests.LoginPageTest" time="3.676" errors="0" timestamp="2023-07-19T23:00:52 IST" skipped="0">
  <testcase classname="pageTests.LoginPageTest" name="verifyLoginPageTest" time="3.676"/>
  <system-out/>
</testsuite> <!-- pageTests.LoginPageTest -->
