<?xml version="1.0" encoding="UTF-8"?>
<!-- Generated by org.testng.reporters.JUnitReportReporter -->
<testsuite hostname="UTIPPANAMBP18.local" failures="0" tests="1" name="pageTests.NewTest" time="2.462" errors="0" timestamp="2023-04-23T18:08:10 IST" skipped="0">
  <testcase classname="pageTests.NewTest" name="verifyLogin" time="2.462"/>
  <system-out/>
</testsuite> <!-- pageTests.NewTest -->
