<?xml version="1.0" encoding="UTF-8"?>
<!-- Generated by org.testng.reporters.JUnitReportReporter -->
<testsuite hostname="Udayas-MacBook-Air.local" failures="0" tests="3" name="pageTests.ProductsPageTest" time="40.977" errors="0" timestamp="2023-05-29T08:12:35 IST" skipped="0">
  <testcase classname="pageTests.ProductsPageTest" name="verifyProductIsPresent" time="13.709"/>
  <system-out/>
  <testcase classname="pageTests.ProductsPageTest" name="addProductToCart" time="13.825"/>
  <system-out/>
  <testcase classname="pageTests.ProductsPageTest" name="verifyProductsPageTitle" time="13.443"/>
  <system-out/>
</testsuite> <!-- pageTests.ProductsPageTest -->
