<?xml version="1.0" encoding="UTF-8"?>
<!-- Generated by org.testng.reporters.JUnitReportReporter -->
<testsuite hostname="Udayas-MacBook-Air.local" failures="0" tests="1" name="pageTests.LoginPageTest" time="14.180" errors="0" timestamp="2023-05-28T16:35:51 IST" skipped="0">
  <testcase classname="pageTests.LoginPageTest" name="verifyLoginPageTest" time="14.180"/>
  <system-out/>
</testsuite> <!-- pageTests.LoginPageTest -->
