<?xml version="1.0" encoding="UTF-8"?>
<!-- Generated by org.testng.reporters.JUnitReportReporter -->
<testsuite hostname="Udayas-MacBook-Air.local" failures="0" tests="3" name="pageTests.ProductsPageTest" time="43.820" errors="0" timestamp="2023-05-28T16:35:51 IST" skipped="0">
  <testcase classname="pageTests.ProductsPageTest" name="verifyProductsPageTitle" time="14.078"/>
  <system-out/>
  <testcase classname="pageTests.ProductsPageTest" name="verifyProductIsPresent" time="14.438"/>
  <system-out/>
  <testcase classname="pageTests.ProductsPageTest" name="addProductToCart" time="15.304"/>
  <system-out/>
</testsuite> <!-- pageTests.ProductsPageTest -->
